<?xml version="1.0" encoding="UTF-8"?>
<testsuite xmlns:xsi="http://www.w3.org/2001/XMLSchema-instance" xsi:noNamespaceSchemaLocation="https://maven.apache.org/surefire/maven-surefire-plugin/xsd/surefire-test-report.xsd" name="com.steven.springboot.SpringBoot02ConfigApplicationTests" time="1.789" tests="2" errors="0" skipped="0" failures="0">
  <properties>
    <property name="sun.desktop" value="windows"/>
    <property name="awt.toolkit" value="sun.awt.windows.WToolkit"/>
    <property name="file.encoding.pkg" value="sun.io"/>
    <property name="java.specification.version" value="1.8"/>
    <property name="sun.cpu.isalist" value="amd64"/>
    <property name="sun.jnu.encoding" value="GBK"/>
    <property name="java.class.path" value="O:\WorkSpaces\IdeaSpaces\Spring_project\spring-boot-02-config\target\test-classes;O:\WorkSpaces\IdeaSpaces\Spring_project\spring-boot-02-config\target\classes;O:\Softwares\Developer_tools\RepMaven\org\springframework\boot\spring-boot-starter-web\2.1.0.RELEASE\spring-boot-starter-web-2.1.0.RELEASE.jar;O:\Softwares\Developer_tools\RepMaven\org\springframework\boot\spring-boot-starter\2.1.0.RELEASE\spring-boot-starter-2.1.0.RELEASE.jar;O:\Softwares\Developer_tools\RepMaven\org\springframework\boot\spring-boot\2.1.0.RELEASE\spring-boot-2.1.0.RELEASE.jar;O:\Softwares\Developer_tools\RepMaven\org\springframework\boot\spring-boot-autoconfigure\2.1.0.RELEASE\spring-boot-autoconfigure-2.1.0.RELEASE.jar;O:\Softwares\Developer_tools\RepMaven\org\springframework\boot\spring-boot-starter-logging\2.1.0.RELEASE\spring-boot-starter-logging-2.1.0.RELEASE.jar;O:\Softwares\Developer_tools\RepMaven\ch\qos\logback\logback-classic\1.2.3\logback-classic-1.2.3.jar;O:\Softwares\Developer_tools\RepMaven\ch\qos\logback\logback-core\1.2.3\logback-core-1.2.3.jar;O:\Softwares\Developer_tools\RepMaven\org\apache\logging\log4j\log4j-to-slf4j\2.11.1\log4j-to-slf4j-2.11.1.jar;O:\Softwares\Developer_tools\RepMaven\org\apache\logging\log4j\log4j-api\2.11.1\log4j-api-2.11.1.jar;O:\Softwares\Developer_tools\RepMaven\org\slf4j\jul-to-slf4j\1.7.25\jul-to-slf4j-1.7.25.jar;O:\Softwares\Developer_tools\RepMaven\javax\annotation\javax.annotation-api\1.3.2\javax.annotation-api-1.3.2.jar;O:\Softwares\Developer_tools\RepMaven\org\yaml\snakeyaml\1.23\snakeyaml-1.23.jar;O:\Softwares\Developer_tools\RepMaven\org\springframework\boot\spring-boot-starter-json\2.1.0.RELEASE\spring-boot-starter-json-2.1.0.RELEASE.jar;O:\Softwares\Developer_tools\RepMaven\com\fasterxml\jackson\core\jackson-databind\2.9.7\jackson-databind-2.9.7.jar;O:\Softwares\Developer_tools\RepMaven\com\fasterxml\jackson\core\jackson-annotations\2.9.0\jackson-annotations-2.9.0.jar;O:\Softwares\Developer_tools\RepMaven\com\fasterxml\jackson\core\jackson-core\2.9.7\jackson-core-2.9.7.jar;O:\Softwares\Developer_tools\RepMaven\com\fasterxml\jackson\datatype\jackson-datatype-jdk8\2.9.7\jackson-datatype-jdk8-2.9.7.jar;O:\Softwares\Developer_tools\RepMaven\com\fasterxml\jackson\datatype\jackson-datatype-jsr310\2.9.7\jackson-datatype-jsr310-2.9.7.jar;O:\Softwares\Developer_tools\RepMaven\com\fasterxml\jackson\module\jackson-module-parameter-names\2.9.7\jackson-module-parameter-names-2.9.7.jar;O:\Softwares\Developer_tools\RepMaven\org\springframework\boot\spring-boot-starter-tomcat\2.1.0.RELEASE\spring-boot-starter-tomcat-2.1.0.RELEASE.jar;O:\Softwares\Developer_tools\RepMaven\org\apache\tomcat\embed\tomcat-embed-core\9.0.12\tomcat-embed-core-9.0.12.jar;O:\Softwares\Developer_tools\RepMaven\org\apache\tomcat\embed\tomcat-embed-el\9.0.12\tomcat-embed-el-9.0.12.jar;O:\Softwares\Developer_tools\RepMaven\org\apache\tomcat\embed\tomcat-embed-websocket\9.0.12\tomcat-embed-websocket-9.0.12.jar;O:\Softwares\Developer_tools\RepMaven\org\hibernate\validator\hibernate-validator\6.0.13.Final\hibernate-validator-6.0.13.Final.jar;O:\Softwares\Developer_tools\RepMaven\javax\validation\validation-api\2.0.1.Final\validation-api-2.0.1.Final.jar;O:\Softwares\Developer_tools\RepMaven\org\jboss\logging\jboss-logging\3.3.2.Final\jboss-logging-3.3.2.Final.jar;O:\Softwares\Developer_tools\RepMaven\com\fasterxml\classmate\1.4.0\classmate-1.4.0.jar;O:\Softwares\Developer_tools\RepMaven\org\springframework\spring-web\5.1.2.RELEASE\spring-web-5.1.2.RELEASE.jar;O:\Softwares\Developer_tools\RepMaven\org\springframework\spring-beans\5.1.2.RELEASE\spring-beans-5.1.2.RELEASE.jar;O:\Softwares\Developer_tools\RepMaven\org\springframework\spring-webmvc\5.1.2.RELEASE\spring-webmvc-5.1.2.RELEASE.jar;O:\Softwares\Developer_tools\RepMaven\org\springframework\spring-aop\5.1.2.RELEASE\spring-aop-5.1.2.RELEASE.jar;O:\Softwares\Developer_tools\RepMaven\org\springframework\spring-context\5.1.2.RELEASE\spring-context-5.1.2.RELEASE.jar;O:\Softwares\Developer_tools\RepMaven\org\springframework\spring-expression\5.1.2.RELEASE\spring-expression-5.1.2.RELEASE.jar;O:\Softwares\Developer_tools\RepMaven\org\springframework\boot\spring-boot-starter-test\2.1.0.RELEASE\spring-boot-starter-test-2.1.0.RELEASE.jar;O:\Softwares\Developer_tools\RepMaven\org\springframework\boot\spring-boot-test\2.1.0.RELEASE\spring-boot-test-2.1.0.RELEASE.jar;O:\Softwares\Developer_tools\RepMaven\org\springframework\boot\spring-boot-test-autoconfigure\2.1.0.RELEASE\spring-boot-test-autoconfigure-2.1.0.RELEASE.jar;O:\Softwares\Developer_tools\RepMaven\com\jayway\jsonpath\json-path\2.4.0\json-path-2.4.0.jar;O:\Softwares\Developer_tools\RepMaven\net\minidev\json-smart\2.3\json-smart-2.3.jar;O:\Softwares\Developer_tools\RepMaven\net\minidev\accessors-smart\1.2\accessors-smart-1.2.jar;O:\Softwares\Developer_tools\RepMaven\org\ow2\asm\asm\5.0.4\asm-5.0.4.jar;O:\Softwares\Developer_tools\RepMaven\org\slf4j\slf4j-api\1.7.25\slf4j-api-1.7.25.jar;O:\Softwares\Developer_tools\RepMaven\junit\junit\4.12\junit-4.12.jar;O:\Softwares\Developer_tools\RepMaven\org\assertj\assertj-core\3.11.1\assertj-core-3.11.1.jar;O:\Softwares\Developer_tools\RepMaven\org\mockito\mockito-core\2.23.0\mockito-core-2.23.0.jar;O:\Softwares\Developer_tools\RepMaven\net\bytebuddy\byte-buddy\1.9.3\byte-buddy-1.9.3.jar;O:\Softwares\Developer_tools\RepMaven\net\bytebuddy\byte-buddy-agent\1.9.3\byte-buddy-agent-1.9.3.jar;O:\Softwares\Developer_tools\RepMaven\org\objenesis\objenesis\2.6\objenesis-2.6.jar;O:\Softwares\Developer_tools\RepMaven\org\hamcrest\hamcrest-core\1.3\hamcrest-core-1.3.jar;O:\Softwares\Developer_tools\RepMaven\org\hamcrest\hamcrest-library\1.3\hamcrest-library-1.3.jar;O:\Softwares\Developer_tools\RepMaven\org\skyscreamer\jsonassert\1.5.0\jsonassert-1.5.0.jar;O:\Softwares\Developer_tools\RepMaven\com\vaadin\external\google\android-json\0.0.20131108.vaadin1\android-json-0.0.20131108.vaadin1.jar;O:\Softwares\Developer_tools\RepMaven\org\springframework\spring-core\5.1.2.RELEASE\spring-core-5.1.2.RELEASE.jar;O:\Softwares\Developer_tools\RepMaven\org\springframework\spring-jcl\5.1.2.RELEASE\spring-jcl-5.1.2.RELEASE.jar;O:\Softwares\Developer_tools\RepMaven\org\springframework\spring-test\5.1.2.RELEASE\spring-test-5.1.2.RELEASE.jar;O:\Softwares\Developer_tools\RepMaven\org\xmlunit\xmlunit-core\2.6.2\xmlunit-core-2.6.2.jar;O:\Softwares\Developer_tools\RepMaven\org\springframework\boot\spring-boot-configuration-processor\2.1.0.RELEASE\spring-boot-configuration-processor-2.1.0.RELEASE.jar;"/>
    <property name="java.vm.vendor" value="Oracle Corporation"/>
    <property name="sun.arch.data.model" value="64"/>
    <property name="user.variant" value=""/>
    <property name="java.vendor.url" value="http://java.oracle.com/"/>
    <property name="user.timezone" value="Asia/Shanghai"/>
    <property name="user.country.format" value="CN"/>
    <property name="java.vm.specification.version" value="1.8"/>
    <property name="os.name" value="Windows 10"/>
    <property name="user.country" value="US"/>
    <property name="sun.java.launcher" value="SUN_STANDARD"/>
    <property name="sun.boot.library.path" value="O:\Softwares\Java\JDK\1.8\jre\bin"/>
    <property name="sun.java.command" value="C:\Users\ADMINI~1\AppData\Local\Temp\surefire4689655960932357550\surefirebooter2565209042876306947.jar C:\Users\Administrator\AppData\Local\Temp\surefire4689655960932357550 2019-05-09T18-37-40_295-jvmRun1 surefire6253880255281385411tmp surefire_04773186371233080346tmp"/>
    <property name="surefire.test.class.path" value="O:\WorkSpaces\IdeaSpaces\Spring_project\spring-boot-02-config\target\test-classes;O:\WorkSpaces\IdeaSpaces\Spring_project\spring-boot-02-config\target\classes;O:\Softwares\Developer_tools\RepMaven\org\springframework\boot\spring-boot-starter-web\2.1.0.RELEASE\spring-boot-starter-web-2.1.0.RELEASE.jar;O:\Softwares\Developer_tools\RepMaven\org\springframework\boot\spring-boot-starter\2.1.0.RELEASE\spring-boot-starter-2.1.0.RELEASE.jar;O:\Softwares\Developer_tools\RepMaven\org\springframework\boot\spring-boot\2.1.0.RELEASE\spring-boot-2.1.0.RELEASE.jar;O:\Softwares\Developer_tools\RepMaven\org\springframework\boot\spring-boot-autoconfigure\2.1.0.RELEASE\spring-boot-autoconfigure-2.1.0.RELEASE.jar;O:\Softwares\Developer_tools\RepMaven\org\springframework\boot\spring-boot-starter-logging\2.1.0.RELEASE\spring-boot-starter-logging-2.1.0.RELEASE.jar;O:\Softwares\Developer_tools\RepMaven\ch\qos\logback\logback-classic\1.2.3\logback-classic-1.2.3.jar;O:\Softwares\Developer_tools\RepMaven\ch\qos\logback\logback-core\1.2.3\logback-core-1.2.3.jar;O:\Softwares\Developer_tools\RepMaven\org\apache\logging\log4j\log4j-to-slf4j\2.11.1\log4j-to-slf4j-2.11.1.jar;O:\Softwares\Developer_tools\RepMaven\org\apache\logging\log4j\log4j-api\2.11.1\log4j-api-2.11.1.jar;O:\Softwares\Developer_tools\RepMaven\org\slf4j\jul-to-slf4j\1.7.25\jul-to-slf4j-1.7.25.jar;O:\Softwares\Developer_tools\RepMaven\javax\annotation\javax.annotation-api\1.3.2\javax.annotation-api-1.3.2.jar;O:\Softwares\Developer_tools\RepMaven\org\yaml\snakeyaml\1.23\snakeyaml-1.23.jar;O:\Softwares\Developer_tools\RepMaven\org\springframework\boot\spring-boot-starter-json\2.1.0.RELEASE\spring-boot-starter-json-2.1.0.RELEASE.jar;O:\Softwares\Developer_tools\RepMaven\com\fasterxml\jackson\core\jackson-databind\2.9.7\jackson-databind-2.9.7.jar;O:\Softwares\Developer_tools\RepMaven\com\fasterxml\jackson\core\jackson-annotations\2.9.0\jackson-annotations-2.9.0.jar;O:\Softwares\Developer_tools\RepMaven\com\fasterxml\jackson\core\jackson-core\2.9.7\jackson-core-2.9.7.jar;O:\Softwares\Developer_tools\RepMaven\com\fasterxml\jackson\datatype\jackson-datatype-jdk8\2.9.7\jackson-datatype-jdk8-2.9.7.jar;O:\Softwares\Developer_tools\RepMaven\com\fasterxml\jackson\datatype\jackson-datatype-jsr310\2.9.7\jackson-datatype-jsr310-2.9.7.jar;O:\Softwares\Developer_tools\RepMaven\com\fasterxml\jackson\module\jackson-module-parameter-names\2.9.7\jackson-module-parameter-names-2.9.7.jar;O:\Softwares\Developer_tools\RepMaven\org\springframework\boot\spring-boot-starter-tomcat\2.1.0.RELEASE\spring-boot-starter-tomcat-2.1.0.RELEASE.jar;O:\Softwares\Developer_tools\RepMaven\org\apache\tomcat\embed\tomcat-embed-core\9.0.12\tomcat-embed-core-9.0.12.jar;O:\Softwares\Developer_tools\RepMaven\org\apache\tomcat\embed\tomcat-embed-el\9.0.12\tomcat-embed-el-9.0.12.jar;O:\Softwares\Developer_tools\RepMaven\org\apache\tomcat\embed\tomcat-embed-websocket\9.0.12\tomcat-embed-websocket-9.0.12.jar;O:\Softwares\Developer_tools\RepMaven\org\hibernate\validator\hibernate-validator\6.0.13.Final\hibernate-validator-6.0.13.Final.jar;O:\Softwares\Developer_tools\RepMaven\javax\validation\validation-api\2.0.1.Final\validation-api-2.0.1.Final.jar;O:\Softwares\Developer_tools\RepMaven\org\jboss\logging\jboss-logging\3.3.2.Final\jboss-logging-3.3.2.Final.jar;O:\Softwares\Developer_tools\RepMaven\com\fasterxml\classmate\1.4.0\classmate-1.4.0.jar;O:\Softwares\Developer_tools\RepMaven\org\springframework\spring-web\5.1.2.RELEASE\spring-web-5.1.2.RELEASE.jar;O:\Softwares\Developer_tools\RepMaven\org\springframework\spring-beans\5.1.2.RELEASE\spring-beans-5.1.2.RELEASE.jar;O:\Softwares\Developer_tools\RepMaven\org\springframework\spring-webmvc\5.1.2.RELEASE\spring-webmvc-5.1.2.RELEASE.jar;O:\Softwares\Developer_tools\RepMaven\org\springframework\spring-aop\5.1.2.RELEASE\spring-aop-5.1.2.RELEASE.jar;O:\Softwares\Developer_tools\RepMaven\org\springframework\spring-context\5.1.2.RELEASE\spring-context-5.1.2.RELEASE.jar;O:\Softwares\Developer_tools\RepMaven\org\springframework\spring-expression\5.1.2.RELEASE\spring-expression-5.1.2.RELEASE.jar;O:\Softwares\Developer_tools\RepMaven\org\springframework\boot\spring-boot-starter-test\2.1.0.RELEASE\spring-boot-starter-test-2.1.0.RELEASE.jar;O:\Softwares\Developer_tools\RepMaven\org\springframework\boot\spring-boot-test\2.1.0.RELEASE\spring-boot-test-2.1.0.RELEASE.jar;O:\Softwares\Developer_tools\RepMaven\org\springframework\boot\spring-boot-test-autoconfigure\2.1.0.RELEASE\spring-boot-test-autoconfigure-2.1.0.RELEASE.jar;O:\Softwares\Developer_tools\RepMaven\com\jayway\jsonpath\json-path\2.4.0\json-path-2.4.0.jar;O:\Softwares\Developer_tools\RepMaven\net\minidev\json-smart\2.3\json-smart-2.3.jar;O:\Softwares\Developer_tools\RepMaven\net\minidev\accessors-smart\1.2\accessors-smart-1.2.jar;O:\Softwares\Developer_tools\RepMaven\org\ow2\asm\asm\5.0.4\asm-5.0.4.jar;O:\Softwares\Developer_tools\RepMaven\org\slf4j\slf4j-api\1.7.25\slf4j-api-1.7.25.jar;O:\Softwares\Developer_tools\RepMaven\junit\junit\4.12\junit-4.12.jar;O:\Softwares\Developer_tools\RepMaven\org\assertj\assertj-core\3.11.1\assertj-core-3.11.1.jar;O:\Softwares\Developer_tools\RepMaven\org\mockito\mockito-core\2.23.0\mockito-core-2.23.0.jar;O:\Softwares\Developer_tools\RepMaven\net\bytebuddy\byte-buddy\1.9.3\byte-buddy-1.9.3.jar;O:\Softwares\Developer_tools\RepMaven\net\bytebuddy\byte-buddy-agent\1.9.3\byte-buddy-agent-1.9.3.jar;O:\Softwares\Developer_tools\RepMaven\org\objenesis\objenesis\2.6\objenesis-2.6.jar;O:\Softwares\Developer_tools\RepMaven\org\hamcrest\hamcrest-core\1.3\hamcrest-core-1.3.jar;O:\Softwares\Developer_tools\RepMaven\org\hamcrest\hamcrest-library\1.3\hamcrest-library-1.3.jar;O:\Softwares\Developer_tools\RepMaven\org\skyscreamer\jsonassert\1.5.0\jsonassert-1.5.0.jar;O:\Softwares\Developer_tools\RepMaven\com\vaadin\external\google\android-json\0.0.20131108.vaadin1\android-json-0.0.20131108.vaadin1.jar;O:\Softwares\Developer_tools\RepMaven\org\springframework\spring-core\5.1.2.RELEASE\spring-core-5.1.2.RELEASE.jar;O:\Softwares\Developer_tools\RepMaven\org\springframework\spring-jcl\5.1.2.RELEASE\spring-jcl-5.1.2.RELEASE.jar;O:\Softwares\Developer_tools\RepMaven\org\springframework\spring-test\5.1.2.RELEASE\spring-test-5.1.2.RELEASE.jar;O:\Softwares\Developer_tools\RepMaven\org\xmlunit\xmlunit-core\2.6.2\xmlunit-core-2.6.2.jar;O:\Softwares\Developer_tools\RepMaven\org\springframework\boot\spring-boot-configuration-processor\2.1.0.RELEASE\spring-boot-configuration-processor-2.1.0.RELEASE.jar;"/>
    <property name="sun.cpu.endian" value="little"/>
    <property name="user.home" value="C:\Users\Administrator"/>
    <property name="user.language" value="en"/>
    <property name="java.specification.vendor" value="Oracle Corporation"/>
    <property name="java.home" value="O:\Softwares\Java\JDK\1.8\jre"/>
    <property name="basedir" value="O:\WorkSpaces\IdeaSpaces\Spring_project\spring-boot-02-config"/>
    <property name="file.separator" value="\"/>
    <property name="line.separator" value="&#10;"/>
    <property name="java.vm.specification.vendor" value="Oracle Corporation"/>
    <property name="java.specification.name" value="Java Platform API Specification"/>
    <property name="java.awt.graphicsenv" value="sun.awt.Win32GraphicsEnvironment"/>
    <property name="surefire.real.class.path" value="C:\Users\ADMINI~1\AppData\Local\Temp\surefire4689655960932357550\surefirebooter2565209042876306947.jar"/>
    <property name="sun.boot.class.path" value="O:\Softwares\Java\JDK\1.8\jre\lib\resources.jar;O:\Softwares\Java\JDK\1.8\jre\lib\rt.jar;O:\Softwares\Java\JDK\1.8\jre\lib\sunrsasign.jar;O:\Softwares\Java\JDK\1.8\jre\lib\jsse.jar;O:\Softwares\Java\JDK\1.8\jre\lib\jce.jar;O:\Softwares\Java\JDK\1.8\jre\lib\charsets.jar;O:\Softwares\Java\JDK\1.8\jre\lib\jfr.jar;O:\Softwares\Java\JDK\1.8\jre\classes"/>
    <property name="user.script" value=""/>
    <property name="sun.management.compiler" value="HotSpot 64-Bit Tiered Compilers"/>
    <property name="java.runtime.version" value="1.8.0_152-b16"/>
    <property name="user.name" value="Steven"/>
    <property name="path.separator" value=";"/>
    <property name="os.version" value="10.0"/>
    <property name="java.endorsed.dirs" value="O:\Softwares\Java\JDK\1.8\jre\lib\endorsed"/>
    <property name="java.runtime.name" value="Java(TM) SE Runtime Environment"/>
    <property name="file.encoding" value="GBK"/>
    <property name="java.vm.name" value="Java HotSpot(TM) 64-Bit Server VM"/>
    <property name="localRepository" value="O:\Softwares\Developer_tools\RepMaven"/>
    <property name="java.vendor.url.bug" value="http://bugreport.sun.com/bugreport/"/>
    <property name="java.io.tmpdir" value="C:\Users\ADMINI~1\AppData\Local\Temp\"/>
    <property name="idea.version" value="2018.3.4"/>
    <property name="java.version" value="1.8.0_152"/>
    <property name="user.dir" value="O:\WorkSpaces\IdeaSpaces\Spring_project\spring-boot-02-config"/>
    <property name="os.arch" value="amd64"/>
    <property name="java.vm.specification.name" value="Java Virtual Machine Specification"/>
    <property name="java.awt.printerjob" value="sun.awt.windows.WPrinterJob"/>
    <property name="user.language.format" value="zh"/>
    <property name="sun.os.patch.level" value=""/>
    <property name="java.library.path" value="O:\Softwares\Java\JDK\1.8\jre\bin;C:\WINDOWS\Sun\Java\bin;C:\WINDOWS\system32;C:\WINDOWS;C:\ProgramData\Oracle\Java\javapath;C:\Program Files (x86)\Razer Chroma SDK\bin;C:\Program Files\Razer Chroma SDK\bin;C:\windows\system32;C:\windows;C:\windows\System32\Wbem;C:\windows\System32\WindowsPowerShell\v1.0\;C:\windows\system32\config\systemprofile\AppData\Local\Microsoft\WindowsApps;C:\Program Files (x86)\NVIDIA Corporation\PhysX\Common;O:\Softwares\Java\JDK\1.8\bin;C:\WINDOWS\system32;C:\WINDOWS;C:\WINDOWS\System32\Wbem;C:\WINDOWS\System32\WindowsPowerShell\v1.0\;C:\WINDOWS\System32\OpenSSH\;O:\Softwares\SecureCRT\Client\;O:\Softwares\Tomcat\apache-tomcat-8.5.33\bin;O:\Softwares\Developer_tools\apache-maven-3.5.4\bin;O:\Development_tools\mysql_5.7.2.4\mysql-5.7.24-winx64\bin;O:\Softwares\Git\Git\cmd;;C:\Program Files\NVIDIA Corporation\NVIDIA NvDLISR;C:\Users\Administrator\AppData\Local\Microsoft\WindowsApps;;O:\Development_tools\Java\IntelliJ IDEA 2018.3.4\bin;;."/>
    <property name="java.vm.info" value="mixed mode"/>
    <property name="java.vendor" value="Oracle Corporation"/>
    <property name="java.vm.version" value="25.152-b16"/>
    <property name="java.ext.dirs" value="O:\Softwares\Java\JDK\1.8\jre\lib\ext;C:\WINDOWS\Sun\Java\lib\ext"/>
    <property name="sun.io.unicode.encoding" value="UnicodeLittle"/>
    <property name="maven.repo.local" value="O:\Softwares\Developer_tools\RepMaven"/>
    <property name="java.class.version" value="52.0"/>
  </properties>
  <testcase name="contextLoads" classname="com.steven.springboot.SpringBoot02ConfigApplicationTests" time="0.108"/>
  <testcase name="testService" classname="com.steven.springboot.SpringBoot02ConfigApplicationTests" time="0"/>
</testsuite>